0 info it worked if it ends with ok
1 verbose cli [ '/usr/local/Cellar/node/6.4.0/bin/node',
1 verbose cli   '/usr/local/bin/npm',
1 verbose cli   'install',
1 verbose cli   'pigpio',
1 verbose cli   '--save' ]
2 info using npm@3.10.3
3 info using node@v6.4.0
4 silly loadCurrentTree Starting
5 silly install loadCurrentTree
6 silly install readLocalPackageData
7 silly fetchPackageMetaData pigpio
8 silly fetchNamedPackageData pigpio
9 silly mapToRegistry name pigpio
10 silly mapToRegistry using default registry
11 silly mapToRegistry registry https://registry.npmjs.org/
12 silly mapToRegistry data Result {
12 silly mapToRegistry   raw: 'pigpio',
12 silly mapToRegistry   scope: null,
12 silly mapToRegistry   escapedName: 'pigpio',
12 silly mapToRegistry   name: 'pigpio',
12 silly mapToRegistry   rawSpec: '',
12 silly mapToRegistry   spec: 'latest',
12 silly mapToRegistry   type: 'tag' }
13 silly mapToRegistry uri https://registry.npmjs.org/pigpio
14 verbose request uri https://registry.npmjs.org/pigpio
15 verbose request no auth needed
16 info attempt registry request try #1 at 2:08:41 AM
17 verbose request id 0ed535ae690b1acf
18 http request GET https://registry.npmjs.org/pigpio
19 http 200 https://registry.npmjs.org/pigpio
20 verbose headers { server: 'nginx/1.10.3',
20 verbose headers   'content-type': 'application/json',
20 verbose headers   'last-modified': 'Sat, 10 Jun 2017 04:11:46 GMT',
20 verbose headers   etag: 'W/"593b7182-8ac3"',
20 verbose headers   'content-encoding': 'gzip',
20 verbose headers   'cache-control': 'max-age=300',
20 verbose headers   'content-length': '6312',
20 verbose headers   'accept-ranges': 'bytes',
20 verbose headers   date: 'Thu, 22 Jun 2017 09:08:41 GMT',
20 verbose headers   via: '1.1 varnish',
20 verbose headers   age: '0',
20 verbose headers   connection: 'keep-alive',
20 verbose headers   'x-served-by': 'cache-lax8643-LAX',
20 verbose headers   'x-cache': 'MISS',
20 verbose headers   'x-cache-hits': '0',
20 verbose headers   'x-timer': 'S1498122521.451538,VS0,VE56',
20 verbose headers   vary: 'Accept-Encoding' }
21 silly get cb [ 200,
21 silly get   { server: 'nginx/1.10.3',
21 silly get     'content-type': 'application/json',
21 silly get     'last-modified': 'Sat, 10 Jun 2017 04:11:46 GMT',
21 silly get     etag: 'W/"593b7182-8ac3"',
21 silly get     'content-encoding': 'gzip',
21 silly get     'cache-control': 'max-age=300',
21 silly get     'content-length': '6312',
21 silly get     'accept-ranges': 'bytes',
21 silly get     date: 'Thu, 22 Jun 2017 09:08:41 GMT',
21 silly get     via: '1.1 varnish',
21 silly get     age: '0',
21 silly get     connection: 'keep-alive',
21 silly get     'x-served-by': 'cache-lax8643-LAX',
21 silly get     'x-cache': 'MISS',
21 silly get     'x-cache-hits': '0',
21 silly get     'x-timer': 'S1498122521.451538,VS0,VE56',
21 silly get     vary: 'Accept-Encoding' } ]
22 verbose get saving pigpio to /Users/alexram1313/.npm/registry.npmjs.org/pigpio/.cache.json
23 verbose correctMkdir /Users/alexram1313/.npm correctMkdir not in flight; initializing
24 silly install normalizeTree
25 silly loadCurrentTree Finishing
26 silly loadIdealTree Starting
27 silly install loadIdealTree
28 silly cloneCurrentTree Starting
29 silly install cloneCurrentTreeToIdealTree
30 silly cloneCurrentTree Finishing
31 silly loadShrinkwrap Starting
32 silly install loadShrinkwrap
33 silly loadShrinkwrap Finishing
34 silly loadAllDepsIntoIdealTree Starting
35 silly install loadAllDepsIntoIdealTree
36 silly resolveWithNewModule pigpio@0.6.0 checking installable status
37 silly cache add args [ 'pigpio', null ]
38 verbose cache add spec pigpio
39 silly cache add parsed spec Result {
39 silly cache add   raw: 'pigpio',
39 silly cache add   scope: null,
39 silly cache add   escapedName: 'pigpio',
39 silly cache add   name: 'pigpio',
39 silly cache add   rawSpec: '',
39 silly cache add   spec: 'latest',
39 silly cache add   type: 'tag' }
40 silly addNamed pigpio@latest
41 verbose addNamed "latest" is being treated as a dist-tag for pigpio
42 info addNameTag [ 'pigpio', 'latest' ]
43 silly mapToRegistry name pigpio
44 silly mapToRegistry using default registry
45 silly mapToRegistry registry https://registry.npmjs.org/
46 silly mapToRegistry data Result {
46 silly mapToRegistry   raw: 'pigpio',
46 silly mapToRegistry   scope: null,
46 silly mapToRegistry   escapedName: 'pigpio',
46 silly mapToRegistry   name: 'pigpio',
46 silly mapToRegistry   rawSpec: '',
46 silly mapToRegistry   spec: 'latest',
46 silly mapToRegistry   type: 'tag' }
47 silly mapToRegistry uri https://registry.npmjs.org/pigpio
48 verbose addNameTag registry:https://registry.npmjs.org/pigpio not in flight; fetching
49 verbose get https://registry.npmjs.org/pigpio not expired, no request
50 silly addNameTag next cb for pigpio with tag latest
51 silly addNamed pigpio@0.6.0
52 verbose addNamed "0.6.0" is a plain semver version for pigpio
53 silly mapToRegistry name pigpio
54 silly mapToRegistry using default registry
55 silly mapToRegistry registry https://registry.npmjs.org/
56 silly mapToRegistry data Result {
56 silly mapToRegistry   raw: 'pigpio',
56 silly mapToRegistry   scope: null,
56 silly mapToRegistry   escapedName: 'pigpio',
56 silly mapToRegistry   name: 'pigpio',
56 silly mapToRegistry   rawSpec: '',
56 silly mapToRegistry   spec: 'latest',
56 silly mapToRegistry   type: 'tag' }
57 silly mapToRegistry uri https://registry.npmjs.org/pigpio
58 verbose addRemoteTarball https://registry.npmjs.org/pigpio/-/pigpio-0.6.0.tgz not in flight; adding
59 verbose addRemoteTarball [ 'https://registry.npmjs.org/pigpio/-/pigpio-0.6.0.tgz',
59 verbose addRemoteTarball   '72fa7a3a3f74252c26580b6f8ee12fc598394978' ]
60 info retry fetch attempt 1 at 2:08:41 AM
61 info attempt registry request try #1 at 2:08:41 AM
62 http fetch GET https://registry.npmjs.org/pigpio/-/pigpio-0.6.0.tgz
63 http fetch 200 https://registry.npmjs.org/pigpio/-/pigpio-0.6.0.tgz
64 silly fetchAndShaCheck shasum 72fa7a3a3f74252c26580b6f8ee12fc598394978
65 verbose addTmpTarball /var/folders/ps/2fd6xz7n1bv7qpd4fzf1n8th0000gn/T/npm-28907-ec387853/registry.npmjs.org/pigpio/-/pigpio-0.6.0.tgz not in flight; adding
66 verbose addTmpTarball already have metadata; skipping unpack for pigpio@0.6.0
67 verbose correctMkdir /Users/alexram1313/.npm correctMkdir not in flight; initializing
68 silly cache afterAdd pigpio@0.6.0
69 verbose afterAdd /Users/alexram1313/.npm/pigpio/0.6.0/package/package.json not in flight; writing
70 verbose correctMkdir /Users/alexram1313/.npm correctMkdir not in flight; initializing
71 verbose afterAdd /Users/alexram1313/.npm/pigpio/0.6.0/package/package.json written
72 silly fetchNamedPackageData bindings
73 silly mapToRegistry name bindings
74 silly mapToRegistry using default registry
75 silly mapToRegistry registry https://registry.npmjs.org/
76 silly mapToRegistry data Result {
76 silly mapToRegistry   raw: 'bindings',
76 silly mapToRegistry   scope: null,
76 silly mapToRegistry   escapedName: 'bindings',
76 silly mapToRegistry   name: 'bindings',
76 silly mapToRegistry   rawSpec: '',
76 silly mapToRegistry   spec: 'latest',
76 silly mapToRegistry   type: 'tag' }
77 silly mapToRegistry uri https://registry.npmjs.org/bindings
78 silly fetchNamedPackageData nan
79 silly mapToRegistry name nan
80 silly mapToRegistry using default registry
81 silly mapToRegistry registry https://registry.npmjs.org/
82 silly mapToRegistry data Result {
82 silly mapToRegistry   raw: 'nan',
82 silly mapToRegistry   scope: null,
82 silly mapToRegistry   escapedName: 'nan',
82 silly mapToRegistry   name: 'nan',
82 silly mapToRegistry   rawSpec: '',
82 silly mapToRegistry   spec: 'latest',
82 silly mapToRegistry   type: 'tag' }
83 silly mapToRegistry uri https://registry.npmjs.org/nan
84 verbose request uri https://registry.npmjs.org/bindings
85 verbose request no auth needed
86 info attempt registry request try #1 at 2:08:41 AM
87 verbose etag W/"580645d3-46f7"
88 verbose lastModified Tue, 18 Oct 2016 15:54:59 GMT
89 http request GET https://registry.npmjs.org/bindings
90 verbose request uri https://registry.npmjs.org/nan
91 verbose request no auth needed
92 info attempt registry request try #1 at 2:08:41 AM
93 verbose etag W/"58ee904e-1f9bf"
94 verbose lastModified Wed, 12 Apr 2017 20:38:38 GMT
95 http request GET https://registry.npmjs.org/nan
96 http 200 https://registry.npmjs.org/bindings
97 verbose headers { server: 'nginx/1.10.3',
97 verbose headers   'content-type': 'application/json',
97 verbose headers   'last-modified': 'Mon, 22 May 2017 20:52:41 GMT',
97 verbose headers   etag: 'W/"59234f99-46bf"',
97 verbose headers   'content-encoding': 'gzip',
97 verbose headers   'cache-control': 'max-age=300',
97 verbose headers   'content-length': '3502',
97 verbose headers   'accept-ranges': 'bytes',
97 verbose headers   date: 'Thu, 22 Jun 2017 09:08:41 GMT',
97 verbose headers   via: '1.1 varnish',
97 verbose headers   age: '2',
97 verbose headers   connection: 'keep-alive',
97 verbose headers   'x-served-by': 'cache-lax8643-LAX',
97 verbose headers   'x-cache': 'HIT',
97 verbose headers   'x-cache-hits': '1',
97 verbose headers   'x-timer': 'S1498122522.953668,VS0,VE0',
97 verbose headers   vary: 'Accept-Encoding' }
98 silly get cb [ 200,
98 silly get   { server: 'nginx/1.10.3',
98 silly get     'content-type': 'application/json',
98 silly get     'last-modified': 'Mon, 22 May 2017 20:52:41 GMT',
98 silly get     etag: 'W/"59234f99-46bf"',
98 silly get     'content-encoding': 'gzip',
98 silly get     'cache-control': 'max-age=300',
98 silly get     'content-length': '3502',
98 silly get     'accept-ranges': 'bytes',
98 silly get     date: 'Thu, 22 Jun 2017 09:08:41 GMT',
98 silly get     via: '1.1 varnish',
98 silly get     age: '2',
98 silly get     connection: 'keep-alive',
98 silly get     'x-served-by': 'cache-lax8643-LAX',
98 silly get     'x-cache': 'HIT',
98 silly get     'x-cache-hits': '1',
98 silly get     'x-timer': 'S1498122522.953668,VS0,VE0',
98 silly get     vary: 'Accept-Encoding' } ]
99 verbose get saving bindings to /Users/alexram1313/.npm/registry.npmjs.org/bindings/.cache.json
100 verbose correctMkdir /Users/alexram1313/.npm correctMkdir not in flight; initializing
101 silly resolveWithNewModule bindings@1.2.1 checking installable status
102 silly cache add args [ 'bindings@~1.2.1', null ]
103 verbose cache add spec bindings@~1.2.1
104 silly cache add parsed spec Result {
104 silly cache add   raw: 'bindings@~1.2.1',
104 silly cache add   scope: null,
104 silly cache add   escapedName: 'bindings',
104 silly cache add   name: 'bindings',
104 silly cache add   rawSpec: '~1.2.1',
104 silly cache add   spec: '>=1.2.1 <1.3.0',
104 silly cache add   type: 'range' }
105 silly addNamed bindings@>=1.2.1 <1.3.0
106 verbose addNamed ">=1.2.1 <1.3.0" is a valid semver range for bindings
107 silly addNameRange { name: 'bindings', range: '>=1.2.1 <1.3.0', hasData: false }
108 silly mapToRegistry name bindings
109 silly mapToRegistry using default registry
110 silly mapToRegistry registry https://registry.npmjs.org/
111 silly mapToRegistry data Result {
111 silly mapToRegistry   raw: 'bindings',
111 silly mapToRegistry   scope: null,
111 silly mapToRegistry   escapedName: 'bindings',
111 silly mapToRegistry   name: 'bindings',
111 silly mapToRegistry   rawSpec: '',
111 silly mapToRegistry   spec: 'latest',
111 silly mapToRegistry   type: 'tag' }
112 silly mapToRegistry uri https://registry.npmjs.org/bindings
113 verbose addNameRange registry:https://registry.npmjs.org/bindings not in flight; fetching
114 verbose get https://registry.npmjs.org/bindings not expired, no request
115 silly addNameRange number 2 { name: 'bindings', range: '>=1.2.1 <1.3.0', hasData: true }
116 silly addNameRange versions [ 'bindings',
116 silly addNameRange   [ '0.0.1',
116 silly addNameRange     '0.1.0',
116 silly addNameRange     '0.1.1',
116 silly addNameRange     '0.2.0',
116 silly addNameRange     '0.2.1',
116 silly addNameRange     '0.2.2',
116 silly addNameRange     '0.2.3',
116 silly addNameRange     '0.2.4',
116 silly addNameRange     '0.3.0',
116 silly addNameRange     '0.4.0',
116 silly addNameRange     '1.0.0',
116 silly addNameRange     '1.1.0',
116 silly addNameRange     '1.1.1',
116 silly addNameRange     '1.2.0',
116 silly addNameRange     '1.2.1' ] ]
117 silly addNamed bindings@1.2.1
118 verbose addNamed "1.2.1" is a plain semver version for bindings
119 silly cache afterAdd bindings@1.2.1
120 verbose afterAdd /Users/alexram1313/.npm/bindings/1.2.1/package/package.json not in flight; writing
121 verbose correctMkdir /Users/alexram1313/.npm correctMkdir not in flight; initializing
122 verbose afterAdd /Users/alexram1313/.npm/bindings/1.2.1/package/package.json written
123 http 200 https://registry.npmjs.org/nan
124 verbose headers { server: 'nginx/1.10.3',
124 verbose headers   'content-type': 'application/json',
124 verbose headers   'last-modified': 'Tue, 30 May 2017 23:09:03 GMT',
124 verbose headers   etag: 'W/"592dfb8f-1f9f8"',
124 verbose headers   'content-encoding': 'gzip',
124 verbose headers   'cache-control': 'max-age=300',
124 verbose headers   'content-length': '15239',
124 verbose headers   'accept-ranges': 'bytes',
124 verbose headers   date: 'Thu, 22 Jun 2017 09:08:41 GMT',
124 verbose headers   via: '1.1 varnish',
124 verbose headers   age: '22',
124 verbose headers   connection: 'keep-alive',
124 verbose headers   'x-served-by': 'cache-lax8651-LAX',
124 verbose headers   'x-cache': 'HIT',
124 verbose headers   'x-cache-hits': '1',
124 verbose headers   'x-timer': 'S1498122522.999113,VS0,VE1',
124 verbose headers   vary: 'Accept-Encoding' }
125 silly get cb [ 200,
125 silly get   { server: 'nginx/1.10.3',
125 silly get     'content-type': 'application/json',
125 silly get     'last-modified': 'Tue, 30 May 2017 23:09:03 GMT',
125 silly get     etag: 'W/"592dfb8f-1f9f8"',
125 silly get     'content-encoding': 'gzip',
125 silly get     'cache-control': 'max-age=300',
125 silly get     'content-length': '15239',
125 silly get     'accept-ranges': 'bytes',
125 silly get     date: 'Thu, 22 Jun 2017 09:08:41 GMT',
125 silly get     via: '1.1 varnish',
125 silly get     age: '22',
125 silly get     connection: 'keep-alive',
125 silly get     'x-served-by': 'cache-lax8651-LAX',
125 silly get     'x-cache': 'HIT',
125 silly get     'x-cache-hits': '1',
125 silly get     'x-timer': 'S1498122522.999113,VS0,VE1',
125 silly get     vary: 'Accept-Encoding' } ]
126 verbose get saving nan to /Users/alexram1313/.npm/registry.npmjs.org/nan/.cache.json
127 verbose correctMkdir /Users/alexram1313/.npm correctMkdir not in flight; initializing
128 silly resolveWithNewModule nan@2.6.2 checking installable status
129 silly cache add args [ 'nan@~2.6.2', null ]
130 verbose cache add spec nan@~2.6.2
131 silly cache add parsed spec Result {
131 silly cache add   raw: 'nan@~2.6.2',
131 silly cache add   scope: null,
131 silly cache add   escapedName: 'nan',
131 silly cache add   name: 'nan',
131 silly cache add   rawSpec: '~2.6.2',
131 silly cache add   spec: '>=2.6.2 <2.7.0',
131 silly cache add   type: 'range' }
132 silly addNamed nan@>=2.6.2 <2.7.0
133 verbose addNamed ">=2.6.2 <2.7.0" is a valid semver range for nan
134 silly addNameRange { name: 'nan', range: '>=2.6.2 <2.7.0', hasData: false }
135 silly mapToRegistry name nan
136 silly mapToRegistry using default registry
137 silly mapToRegistry registry https://registry.npmjs.org/
138 silly mapToRegistry data Result {
138 silly mapToRegistry   raw: 'nan',
138 silly mapToRegistry   scope: null,
138 silly mapToRegistry   escapedName: 'nan',
138 silly mapToRegistry   name: 'nan',
138 silly mapToRegistry   rawSpec: '',
138 silly mapToRegistry   spec: 'latest',
138 silly mapToRegistry   type: 'tag' }
139 silly mapToRegistry uri https://registry.npmjs.org/nan
140 verbose addNameRange registry:https://registry.npmjs.org/nan not in flight; fetching
141 verbose get https://registry.npmjs.org/nan not expired, no request
142 silly addNameRange number 2 { name: 'nan', range: '>=2.6.2 <2.7.0', hasData: true }
143 silly addNameRange versions [ 'nan',
143 silly addNameRange   [ '0.3.0-wip',
143 silly addNameRange     '0.3.0-wip2',
143 silly addNameRange     '0.3.0',
143 silly addNameRange     '0.3.1',
143 silly addNameRange     '0.3.2',
143 silly addNameRange     '0.4.0',
143 silly addNameRange     '0.4.1',
143 silly addNameRange     '0.4.2',
143 silly addNameRange     '0.4.3',
143 silly addNameRange     '0.4.4',
143 silly addNameRange     '0.5.0',
143 silly addNameRange     '0.5.1',
143 silly addNameRange     '0.5.2',
143 silly addNameRange     '0.6.0',
143 silly addNameRange     '0.7.0',
143 silly addNameRange     '0.7.1',
143 silly addNameRange     '0.8.0',
143 silly addNameRange     '1.0.0',
143 silly addNameRange     '1.1.0',
143 silly addNameRange     '1.1.1',
143 silly addNameRange     '1.1.2',
143 silly addNameRange     '1.2.0',
143 silly addNameRange     '1.3.0',
143 silly addNameRange     '1.4.0',
143 silly addNameRange     '1.4.1',
143 silly addNameRange     '1.5.0',
143 silly addNameRange     '1.4.2',
143 silly addNameRange     '1.4.3',
143 silly addNameRange     '1.5.1',
143 silly addNameRange     '1.5.2',
143 silly addNameRange     '1.6.0',
143 silly addNameRange     '1.5.3',
143 silly addNameRange     '1.6.1',
143 silly addNameRange     '1.6.2',
143 silly addNameRange     '1.7.0',
143 silly addNameRange     '1.8.0',
143 silly addNameRange     '1.8.1',
143 silly addNameRange     '1.8.2',
143 silly addNameRange     '1.8.3',
143 silly addNameRange     '1.8.4',
143 silly addNameRange     '1.9.0',
143 silly addNameRange     '2.0.0',
143 silly addNameRange     '2.0.1',
143 silly addNameRange     '2.0.2',
143 silly addNameRange     '2.0.3',
143 silly addNameRange     '2.0.4',
143 silly addNameRange     '2.0.5',
143 silly addNameRange     '2.0.6',
143 silly addNameRange     '2.0.7',
143 silly addNameRange     '2.0.8',
143 silly addNameRange     '2.0.9',
143 silly addNameRange     '2.1.0',
143 silly addNameRange     '2.2.0',
143 silly addNameRange     '2.2.1',
143 silly addNameRange     '2.3.0',
143 silly addNameRange     '2.3.1',
143 silly addNameRange     '2.3.2',
143 silly addNameRange     '2.3.3',
143 silly addNameRange     '2.3.4',
143 silly addNameRange     '2.3.5',
143 silly addNameRange     '2.4.0',
143 silly addNameRange     '2.5.0',
143 silly addNameRange     '2.5.1',
143 silly addNameRange     '2.6.0',
143 silly addNameRange     '2.6.1',
143 silly addNameRange     '2.6.2' ] ]
144 silly addNamed nan@2.6.2
145 verbose addNamed "2.6.2" is a plain semver version for nan
146 silly mapToRegistry name nan
147 silly mapToRegistry using default registry
148 silly mapToRegistry registry https://registry.npmjs.org/
149 silly mapToRegistry data Result {
149 silly mapToRegistry   raw: 'nan',
149 silly mapToRegistry   scope: null,
149 silly mapToRegistry   escapedName: 'nan',
149 silly mapToRegistry   name: 'nan',
149 silly mapToRegistry   rawSpec: '',
149 silly mapToRegistry   spec: 'latest',
149 silly mapToRegistry   type: 'tag' }
150 silly mapToRegistry uri https://registry.npmjs.org/nan
151 verbose addRemoteTarball https://registry.npmjs.org/nan/-/nan-2.6.2.tgz not in flight; adding
152 verbose addRemoteTarball [ 'https://registry.npmjs.org/nan/-/nan-2.6.2.tgz',
152 verbose addRemoteTarball   'e4ff34e6c95fdfb5aecc08de6596f43605a7db45' ]
153 info retry fetch attempt 1 at 2:08:42 AM
154 info attempt registry request try #1 at 2:08:42 AM
155 http fetch GET https://registry.npmjs.org/nan/-/nan-2.6.2.tgz
156 http fetch 200 https://registry.npmjs.org/nan/-/nan-2.6.2.tgz
157 silly fetchAndShaCheck shasum e4ff34e6c95fdfb5aecc08de6596f43605a7db45
158 verbose addTmpTarball /var/folders/ps/2fd6xz7n1bv7qpd4fzf1n8th0000gn/T/npm-28907-ec387853/registry.npmjs.org/nan/-/nan-2.6.2.tgz not in flight; adding
159 verbose addTmpTarball already have metadata; skipping unpack for nan@2.6.2
160 verbose correctMkdir /Users/alexram1313/.npm correctMkdir not in flight; initializing
161 silly cache afterAdd nan@2.6.2
162 verbose afterAdd /Users/alexram1313/.npm/nan/2.6.2/package/package.json not in flight; writing
163 verbose correctMkdir /Users/alexram1313/.npm correctMkdir not in flight; initializing
164 verbose afterAdd /Users/alexram1313/.npm/nan/2.6.2/package/package.json written
165 silly loadAllDepsIntoIdealTree Finishing
166 silly loadIdealTree Finishing
167 silly currentTree node-rpi-doorsms@1.0.0
167 silly currentTree ├── accepts@1.3.3
167 silly currentTree ├── array-flatten@1.1.1
167 silly currentTree ├── content-disposition@0.5.2
167 silly currentTree ├── content-type@1.0.2
167 silly currentTree ├── cookie-signature@1.0.6
167 silly currentTree ├── cookie@0.3.1
167 silly currentTree ├── debounce@1.0.2
167 silly currentTree ├── depd@1.1.0
167 silly currentTree ├── destroy@1.0.4
167 silly currentTree ├── ee-first@1.1.1
167 silly currentTree ├── encodeurl@1.0.1
167 silly currentTree ├── escape-html@1.0.3
167 silly currentTree ├── etag@1.8.0
167 silly currentTree ├─┬ express@4.15.2
167 silly currentTree │ ├── debug@2.6.1
167 silly currentTree │ └── ms@0.7.2
167 silly currentTree ├─┬ finalhandler@1.0.2
167 silly currentTree │ └── debug@2.6.4
167 silly currentTree ├── forwarded@0.1.0
167 silly currentTree ├── fresh@0.5.0
167 silly currentTree ├── http-errors@1.6.1
167 silly currentTree ├── inherits@2.0.3
167 silly currentTree ├── ipaddr.js@1.3.0
167 silly currentTree ├── media-typer@0.3.0
167 silly currentTree ├── merge-descriptors@1.0.1
167 silly currentTree ├── methods@1.1.2
167 silly currentTree ├── mime-db@1.27.0
167 silly currentTree ├── mime-types@2.1.15
167 silly currentTree ├── mime@1.3.4
167 silly currentTree ├── ms@0.7.3
167 silly currentTree ├── negotiator@0.6.1
167 silly currentTree ├── nodemailer@4.0.1
167 silly currentTree ├── on-finished@2.3.0
167 silly currentTree ├── parseurl@1.3.1
167 silly currentTree ├── path-to-regexp@0.1.7
167 silly currentTree ├── proxy-addr@1.1.4
167 silly currentTree ├── qs@6.4.0
167 silly currentTree ├── range-parser@1.2.0
167 silly currentTree ├─┬ send@0.15.1
167 silly currentTree │ ├── debug@2.6.1
167 silly currentTree │ └── ms@0.7.2
167 silly currentTree ├── serve-static@1.12.1
167 silly currentTree ├── setprototypeof@1.0.3
167 silly currentTree ├── statuses@1.3.1
167 silly currentTree ├── type-is@1.6.15
167 silly currentTree ├── unpipe@1.0.0
167 silly currentTree ├── utils-merge@1.0.0
167 silly currentTree └── vary@1.1.1
168 silly idealTree node-rpi-doorsms@1.0.0
168 silly idealTree ├── accepts@1.3.3
168 silly idealTree ├── array-flatten@1.1.1
168 silly idealTree ├── bindings@1.2.1
168 silly idealTree ├── content-disposition@0.5.2
168 silly idealTree ├── content-type@1.0.2
168 silly idealTree ├── cookie-signature@1.0.6
168 silly idealTree ├── cookie@0.3.1
168 silly idealTree ├── debounce@1.0.2
168 silly idealTree ├── depd@1.1.0
168 silly idealTree ├── destroy@1.0.4
168 silly idealTree ├── ee-first@1.1.1
168 silly idealTree ├── encodeurl@1.0.1
168 silly idealTree ├── escape-html@1.0.3
168 silly idealTree ├── etag@1.8.0
168 silly idealTree ├─┬ express@4.15.2
168 silly idealTree │ ├── debug@2.6.1
168 silly idealTree │ └── ms@0.7.2
168 silly idealTree ├─┬ finalhandler@1.0.2
168 silly idealTree │ └── debug@2.6.4
168 silly idealTree ├── forwarded@0.1.0
168 silly idealTree ├── fresh@0.5.0
168 silly idealTree ├── http-errors@1.6.1
168 silly idealTree ├── inherits@2.0.3
168 silly idealTree ├── ipaddr.js@1.3.0
168 silly idealTree ├── media-typer@0.3.0
168 silly idealTree ├── merge-descriptors@1.0.1
168 silly idealTree ├── methods@1.1.2
168 silly idealTree ├── mime-db@1.27.0
168 silly idealTree ├── mime-types@2.1.15
168 silly idealTree ├── mime@1.3.4
168 silly idealTree ├── ms@0.7.3
168 silly idealTree ├── nan@2.6.2
168 silly idealTree ├── negotiator@0.6.1
168 silly idealTree ├── nodemailer@4.0.1
168 silly idealTree ├── on-finished@2.3.0
168 silly idealTree ├── parseurl@1.3.1
168 silly idealTree ├── path-to-regexp@0.1.7
168 silly idealTree ├── pigpio@0.6.0
168 silly idealTree ├── proxy-addr@1.1.4
168 silly idealTree ├── qs@6.4.0
168 silly idealTree ├── range-parser@1.2.0
168 silly idealTree ├─┬ send@0.15.1
168 silly idealTree │ ├── debug@2.6.1
168 silly idealTree │ └── ms@0.7.2
168 silly idealTree ├── serve-static@1.12.1
168 silly idealTree ├── setprototypeof@1.0.3
168 silly idealTree ├── statuses@1.3.1
168 silly idealTree ├── type-is@1.6.15
168 silly idealTree ├── unpipe@1.0.0
168 silly idealTree ├── utils-merge@1.0.0
168 silly idealTree └── vary@1.1.1
169 silly generateActionsToTake Starting
170 silly install generateActionsToTake
171 silly generateActionsToTake Finishing
172 silly diffTrees action count 3
173 silly diffTrees add bindings@1.2.1
174 silly diffTrees add nan@2.6.2
175 silly diffTrees add pigpio@0.6.0
176 silly decomposeActions action count 24
177 silly decomposeActions fetch bindings@1.2.1
178 silly decomposeActions extract bindings@1.2.1
179 silly decomposeActions test bindings@1.2.1
180 silly decomposeActions preinstall bindings@1.2.1
181 silly decomposeActions build bindings@1.2.1
182 silly decomposeActions install bindings@1.2.1
183 silly decomposeActions postinstall bindings@1.2.1
184 silly decomposeActions finalize bindings@1.2.1
185 silly decomposeActions fetch nan@2.6.2
186 silly decomposeActions extract nan@2.6.2
187 silly decomposeActions test nan@2.6.2
188 silly decomposeActions preinstall nan@2.6.2
189 silly decomposeActions build nan@2.6.2
190 silly decomposeActions install nan@2.6.2
191 silly decomposeActions postinstall nan@2.6.2
192 silly decomposeActions finalize nan@2.6.2
193 silly decomposeActions fetch pigpio@0.6.0
194 silly decomposeActions extract pigpio@0.6.0
195 silly decomposeActions test pigpio@0.6.0
196 silly decomposeActions preinstall pigpio@0.6.0
197 silly decomposeActions build pigpio@0.6.0
198 silly decomposeActions install pigpio@0.6.0
199 silly decomposeActions postinstall pigpio@0.6.0
200 silly decomposeActions finalize pigpio@0.6.0
201 silly executeActions Starting
202 silly install executeActions
203 silly doSerial global-install 0
204 silly doParallel fetch 3
205 verbose correctMkdir /Users/alexram1313/.npm/_locks correctMkdir not in flight; initializing
206 verbose lock using /Users/alexram1313/.npm/_locks/staging-d724d45d0b1d8c45.lock for /Users/alexram1313/Documents/node-rpi-doorsms/node_modules/.staging
207 silly doParallel extract 3
208 silly extract bindings@1.2.1
209 silly extract nan@2.6.2
210 silly extract pigpio@0.6.0
211 verbose unbuild node_modules/.staging/bindings-b389dd0f
212 verbose unbuild node_modules/.staging/nan-dcbcbbc1
213 verbose unbuild node_modules/.staging/pigpio-adade7b7
214 silly gentlyRm /Users/alexram1313/Documents/node-rpi-doorsms/node_modules/.staging/bindings-b389dd0f is being purged from base /Users/alexram1313/Documents/node-rpi-doorsms
215 verbose gentlyRm don't care about contents; nuking /Users/alexram1313/Documents/node-rpi-doorsms/node_modules/.staging/bindings-b389dd0f
216 silly gentlyRm /Users/alexram1313/Documents/node-rpi-doorsms/node_modules/.staging/nan-dcbcbbc1 is being purged from base /Users/alexram1313/Documents/node-rpi-doorsms
217 verbose gentlyRm don't care about contents; nuking /Users/alexram1313/Documents/node-rpi-doorsms/node_modules/.staging/nan-dcbcbbc1
218 verbose tar unpack /Users/alexram1313/.npm/bindings/1.2.1/package.tgz
219 verbose tar unpacking to /Users/alexram1313/Documents/node-rpi-doorsms/node_modules/.staging/bindings-b389dd0f
220 silly gentlyRm /Users/alexram1313/Documents/node-rpi-doorsms/node_modules/.staging/bindings-b389dd0f is being purged
221 verbose gentlyRm don't care about contents; nuking /Users/alexram1313/Documents/node-rpi-doorsms/node_modules/.staging/bindings-b389dd0f
222 silly gentlyRm /Users/alexram1313/Documents/node-rpi-doorsms/node_modules/.staging/pigpio-adade7b7 is being purged from base /Users/alexram1313/Documents/node-rpi-doorsms
223 verbose gentlyRm don't care about contents; nuking /Users/alexram1313/Documents/node-rpi-doorsms/node_modules/.staging/pigpio-adade7b7
224 verbose tar unpack /Users/alexram1313/.npm/nan/2.6.2/package.tgz
225 verbose tar unpacking to /Users/alexram1313/Documents/node-rpi-doorsms/node_modules/.staging/nan-dcbcbbc1
226 silly gentlyRm /Users/alexram1313/Documents/node-rpi-doorsms/node_modules/.staging/nan-dcbcbbc1 is being purged
227 verbose gentlyRm don't care about contents; nuking /Users/alexram1313/Documents/node-rpi-doorsms/node_modules/.staging/nan-dcbcbbc1
228 silly gunzTarPerm modes [ '755', '644' ]
229 verbose tar unpack /Users/alexram1313/.npm/pigpio/0.6.0/package.tgz
230 verbose tar unpacking to /Users/alexram1313/Documents/node-rpi-doorsms/node_modules/.staging/pigpio-adade7b7
231 silly gentlyRm /Users/alexram1313/Documents/node-rpi-doorsms/node_modules/.staging/pigpio-adade7b7 is being purged
232 verbose gentlyRm don't care about contents; nuking /Users/alexram1313/Documents/node-rpi-doorsms/node_modules/.staging/pigpio-adade7b7
233 silly gunzTarPerm modes [ '755', '644' ]
234 silly gunzTarPerm modes [ '755', '644' ]
235 silly gunzTarPerm extractEntry package.json
236 silly gunzTarPerm extractEntry package.json
237 silly gunzTarPerm modified mode [ 'package.json', 436, 420 ]
238 silly gunzTarPerm extractEntry package.json
239 silly gunzTarPerm modified mode [ 'package.json', 436, 420 ]
240 silly gunzTarPerm extractEntry README.md
241 silly gunzTarPerm extractEntry bindings.js
242 silly gunzTarPerm extractEntry README.md
243 silly gunzTarPerm modified mode [ 'README.md', 436, 420 ]
244 silly gunzTarPerm extractEntry .npmignore
245 silly gunzTarPerm modified mode [ '.npmignore', 436, 420 ]
246 silly gunzTarPerm extractEntry README.md
247 silly gunzTarPerm modified mode [ 'README.md', 436, 420 ]
248 silly gunzTarPerm extractEntry include_dirs.js
249 silly gunzTarPerm modified mode [ 'include_dirs.js', 436, 420 ]
250 silly gunzTarPerm extractEntry nan_converters_43_inl.h
251 silly gunzTarPerm modified mode [ 'nan_converters_43_inl.h', 436, 420 ]
252 silly gunzTarPerm extractEntry LICENSE.md
253 silly gunzTarPerm modified mode [ 'LICENSE.md', 436, 420 ]
254 silly gunzTarPerm extractEntry doc/new.md
255 silly gunzTarPerm modified mode [ 'doc/new.md', 436, 420 ]
256 silly gunzTarPerm extractEntry LICENSE
257 silly gunzTarPerm modified mode [ 'LICENSE', 436, 420 ]
258 silly gunzTarPerm extractEntry pigpio.js
259 silly gunzTarPerm modified mode [ 'pigpio.js', 436, 420 ]
260 silly gunzTarPerm extractEntry doc/asyncworker.md
261 silly gunzTarPerm modified mode [ 'doc/asyncworker.md', 436, 420 ]
262 silly gunzTarPerm extractEntry History.md
263 silly gunzTarPerm modified mode [ 'History.md', 436, 420 ]
264 silly gunzTarPerm extractEntry doc/callback.md
265 silly gunzTarPerm modified mode [ 'doc/callback.md', 436, 420 ]
266 silly gunzTarPerm extractEntry doc/converters.md
267 silly gunzTarPerm modified mode [ 'doc/converters.md', 436, 420 ]
268 silly gunzTarPerm extractEntry example/alert.js
269 silly gunzTarPerm modified mode [ 'example/alert.js', 436, 420 ]
270 silly gunzTarPerm extractEntry example/blinky.js
271 silly gunzTarPerm modified mode [ 'example/blinky.js', 436, 420 ]
272 silly gunzTarPerm extractEntry doc/errors.md
273 silly gunzTarPerm modified mode [ 'doc/errors.md', 436, 420 ]
274 silly gunzTarPerm extractEntry doc/json.md
275 silly gunzTarPerm modified mode [ 'doc/json.md', 436, 420 ]
276 silly gunzTarPerm extractEntry example/distance-hc-sr04.js
277 silly gunzTarPerm modified mode [ 'example/distance-hc-sr04.js', 436, 420 ]
278 silly gunzTarPerm extractEntry example/gpio-info.js
279 silly gunzTarPerm modified mode [ 'example/gpio-info.js', 436, 420 ]
280 silly gunzTarPerm extractEntry example/light-switch.js
281 silly gunzTarPerm modified mode [ 'example/light-switch.js', 436, 420 ]
282 silly gunzTarPerm extractEntry example/pulse-led.js
283 silly gunzTarPerm modified mode [ 'example/pulse-led.js', 436, 420 ]
284 silly gunzTarPerm extractEntry doc/maybe_types.md
285 silly gunzTarPerm modified mode [ 'doc/maybe_types.md', 436, 420 ]
286 silly gunzTarPerm extractEntry doc/methods.md
287 silly gunzTarPerm modified mode [ 'doc/methods.md', 436, 420 ]
288 silly gentlyRm /Users/alexram1313/Documents/node-rpi-doorsms/node_modules/.staging/bindings-b389dd0f/node_modules is being purged
289 verbose gentlyRm don't care about contents; nuking /Users/alexram1313/Documents/node-rpi-doorsms/node_modules/.staging/bindings-b389dd0f/node_modules
290 silly gunzTarPerm extractEntry doc/buffers.md
291 silly gunzTarPerm modified mode [ 'doc/buffers.md', 436, 420 ]
292 silly gunzTarPerm extractEntry doc/node_misc.md
293 silly gunzTarPerm modified mode [ 'doc/node_misc.md', 436, 420 ]
294 silly gunzTarPerm extractEntry example/servo.js
295 silly gunzTarPerm modified mode [ 'example/servo.js', 436, 420 ]
296 silly gunzTarPerm extractEntry example/distance-hc-sr04.png
297 silly gunzTarPerm modified mode [ 'example/distance-hc-sr04.png', 436, 420 ]
298 silly gunzTarPerm extractEntry doc/object_wrappers.md
299 silly gunzTarPerm modified mode [ 'doc/object_wrappers.md', 436, 420 ]
300 silly gunzTarPerm extractEntry doc/persistent.md
301 silly gunzTarPerm modified mode [ 'doc/persistent.md', 436, 420 ]
302 silly gunzTarPerm extractEntry doc/scopes.md
303 silly gunzTarPerm modified mode [ 'doc/scopes.md', 436, 420 ]
304 silly gunzTarPerm extractEntry example/pigpio.png
305 silly gunzTarPerm modified mode [ 'example/pigpio.png', 436, 420 ]
306 silly gunzTarPerm extractEntry doc/script.md
307 silly gunzTarPerm modified mode [ 'doc/script.md', 436, 420 ]
308 silly gunzTarPerm extractEntry doc/string_bytes.md
309 silly gunzTarPerm modified mode [ 'doc/string_bytes.md', 436, 420 ]
310 silly gunzTarPerm extractEntry doc/v8_internals.md
311 silly gunzTarPerm modified mode [ 'doc/v8_internals.md', 436, 420 ]
312 silly gunzTarPerm extractEntry doc/v8_misc.md
313 silly gunzTarPerm modified mode [ 'doc/v8_misc.md', 436, 420 ]
314 silly gunzTarPerm extractEntry test/alert-pwm-measurement.js
315 silly gunzTarPerm modified mode [ 'test/alert-pwm-measurement.js', 436, 420 ]
316 silly gunzTarPerm extractEntry nan.h
317 silly gunzTarPerm modified mode [ 'nan.h', 436, 420 ]
318 silly gunzTarPerm extractEntry nan_callbacks.h
319 silly gunzTarPerm modified mode [ 'nan_callbacks.h', 436, 420 ]
320 silly gunzTarPerm extractEntry test/gpio-mode.js
321 silly gunzTarPerm modified mode [ 'test/gpio-mode.js', 436, 420 ]
322 silly gunzTarPerm extractEntry test/gpio-numbers.js
323 silly gunzTarPerm modified mode [ 'test/gpio-numbers.js', 436, 420 ]
324 silly gunzTarPerm extractEntry nan_callbacks_12_inl.h
325 silly gunzTarPerm modified mode [ 'nan_callbacks_12_inl.h', 436, 420 ]
326 silly gunzTarPerm extractEntry nan_callbacks_pre_12_inl.h
327 silly gunzTarPerm modified mode [ 'nan_callbacks_pre_12_inl.h', 436, 420 ]
328 silly gunzTarPerm extractEntry nan_converters.h
329 silly gunzTarPerm modified mode [ 'nan_converters.h', 436, 420 ]
330 silly gunzTarPerm extractEntry nan_converters_pre_43_inl.h
331 silly gunzTarPerm modified mode [ 'nan_converters_pre_43_inl.h', 436, 420 ]
332 silly gunzTarPerm extractEntry test/hardware-revision.js
333 silly gunzTarPerm modified mode [ 'test/hardware-revision.js', 436, 420 ]
334 silly gunzTarPerm extractEntry test/do-nothing.js
335 silly gunzTarPerm modified mode [ 'test/do-nothing.js', 436, 420 ]
336 silly gunzTarPerm extractEntry nan_implementation_12_inl.h
337 silly gunzTarPerm modified mode [ 'nan_implementation_12_inl.h', 436, 420 ]
338 silly gunzTarPerm extractEntry nan_implementation_pre_12_inl.h
339 silly gunzTarPerm modified mode [ 'nan_implementation_pre_12_inl.h', 436, 420 ]
340 silly gunzTarPerm extractEntry nan_json.h
341 silly gunzTarPerm modified mode [ 'nan_json.h', 436, 420 ]
342 silly gunzTarPerm extractEntry nan_maybe_43_inl.h
343 silly gunzTarPerm modified mode [ 'nan_maybe_43_inl.h', 436, 420 ]
344 silly gunzTarPerm extractEntry test/alert-trigger-pulse-measurement.js
345 silly gunzTarPerm modified mode [ 'test/alert-trigger-pulse-measurement.js', 436, 420 ]
346 silly gunzTarPerm extractEntry test/isr-performance.js
347 silly gunzTarPerm modified mode [ 'test/isr-performance.js', 436, 420 ]
348 silly gunzTarPerm extractEntry nan_maybe_pre_43_inl.h
349 silly gunzTarPerm modified mode [ 'nan_maybe_pre_43_inl.h', 436, 420 ]
350 silly gunzTarPerm extractEntry nan_new.h
351 silly gunzTarPerm modified mode [ 'nan_new.h', 436, 420 ]
352 silly gunzTarPerm extractEntry test/isr-timeouts-2.js
353 silly gunzTarPerm modified mode [ 'test/isr-timeouts-2.js', 436, 420 ]
354 silly gunzTarPerm extractEntry test/isr-timeouts.js
355 silly gunzTarPerm modified mode [ 'test/isr-timeouts.js', 436, 420 ]
356 silly gunzTarPerm extractEntry nan_object_wrap.h
357 silly gunzTarPerm modified mode [ 'nan_object_wrap.h', 436, 420 ]
358 silly gunzTarPerm extractEntry nan_persistent_12_inl.h
359 silly gunzTarPerm modified mode [ 'nan_persistent_12_inl.h', 436, 420 ]
360 silly gunzTarPerm extractEntry nan_persistent_pre_12_inl.h
361 silly gunzTarPerm modified mode [ 'nan_persistent_pre_12_inl.h', 436, 420 ]
362 silly gunzTarPerm extractEntry nan_private.h
363 silly gunzTarPerm modified mode [ 'nan_private.h', 436, 420 ]
364 silly gunzTarPerm extractEntry test/light-switch.js
365 silly gunzTarPerm modified mode [ 'test/light-switch.js', 436, 420 ]
366 silly gunzTarPerm extractEntry test/digital-write-performance.js
367 silly gunzTarPerm modified mode [ 'test/digital-write-performance.js', 436, 420 ]
368 silly gunzTarPerm extractEntry test/notifier-leak-check.js
369 silly gunzTarPerm modified mode [ 'test/notifier-leak-check.js', 436, 420 ]
370 silly gunzTarPerm extractEntry test/digital-read-performance.js
371 silly gunzTarPerm modified mode [ 'test/digital-read-performance.js', 436, 420 ]
372 silly gunzTarPerm extractEntry test/notifier-pwm.js
373 silly gunzTarPerm modified mode [ 'test/notifier-pwm.js', 436, 420 ]
374 silly gunzTarPerm extractEntry test/servo-control.js
375 silly gunzTarPerm modified mode [ 'test/servo-control.js', 436, 420 ]
376 silly gunzTarPerm extractEntry test/notifier-stress.js
377 silly gunzTarPerm modified mode [ 'test/notifier-stress.js', 436, 420 ]
378 silly gunzTarPerm extractEntry test/blinky.js
379 silly gunzTarPerm modified mode [ 'test/blinky.js', 436, 420 ]
380 silly gunzTarPerm extractEntry test/notifier.js
381 silly gunzTarPerm modified mode [ 'test/notifier.js', 436, 420 ]
382 silly gunzTarPerm extractEntry test/blinky-pwm.js
383 silly gunzTarPerm modified mode [ 'test/blinky-pwm.js', 436, 420 ]
384 silly gunzTarPerm extractEntry test/pull-up-down.js
385 silly gunzTarPerm modified mode [ 'test/pull-up-down.js', 436, 420 ]
386 silly gunzTarPerm extractEntry test/banked-leds.js
387 silly gunzTarPerm modified mode [ 'test/banked-leds.js', 436, 420 ]
388 silly gunzTarPerm extractEntry test/pulse-led.js
389 silly gunzTarPerm modified mode [ 'test/pulse-led.js', 436, 420 ]
390 silly gunzTarPerm extractEntry test/alert.js
391 silly gunzTarPerm modified mode [ 'test/alert.js', 436, 420 ]
392 silly gunzTarPerm extractEntry test/pwm.js
393 silly gunzTarPerm modified mode [ 'test/pwm.js', 436, 420 ]
394 silly gunzTarPerm extractEntry nan_string_bytes.h
395 silly gunzTarPerm modified mode [ 'nan_string_bytes.h', 436, 420 ]
396 silly gunzTarPerm extractEntry nan_typedarray_contents.h
397 silly gunzTarPerm modified mode [ 'nan_typedarray_contents.h', 436, 420 ]
398 silly gunzTarPerm extractEntry test/isr-enable-disable.js
399 silly gunzTarPerm modified mode [ 'test/isr-enable-disable.js', 436, 420 ]
400 silly gunzTarPerm extractEntry test/trigger-led.js
401 silly gunzTarPerm modified mode [ 'test/trigger-led.js', 436, 420 ]
402 silly gunzTarPerm extractEntry test/isr-multiple-sources.js
403 silly gunzTarPerm modified mode [ 'test/isr-multiple-sources.js', 436, 420 ]
404 silly gunzTarPerm extractEntry test/run-tests
405 silly gunzTarPerm modified mode [ 'test/run-tests', 509, 493 ]
406 silly gunzTarPerm extractEntry nan_weak.h
407 silly gunzTarPerm modified mode [ 'nan_weak.h', 436, 420 ]
408 silly gunzTarPerm extractEntry CHANGELOG.md
409 silly gunzTarPerm modified mode [ 'CHANGELOG.md', 436, 420 ]
410 silly gunzTarPerm extractEntry tools/package.json
411 silly gunzTarPerm modified mode [ 'tools/package.json', 436, 420 ]
412 silly gunzTarPerm extractEntry tools/README.md
413 silly gunzTarPerm modified mode [ 'tools/README.md', 436, 420 ]
414 silly gunzTarPerm extractEntry tools/1to2.js
415 silly gunzTarPerm modified mode [ 'tools/1to2.js', 509, 493 ]
416 silly gunzTarPerm extractEntry test/c-interface/blinky.js
417 silly gunzTarPerm modified mode [ 'test/c-interface/blinky.js', 436, 420 ]
418 silly gunzTarPerm extractEntry test/c-interface/do-nothing.js
419 silly gunzTarPerm modified mode [ 'test/c-interface/do-nothing.js', 436, 420 ]
420 silly gunzTarPerm extractEntry test/c-interface/gpio-write-performance.js
421 silly gunzTarPerm modified mode [ 'test/c-interface/gpio-write-performance.js', 436, 420 ]
422 silly gunzTarPerm extractEntry test/c-interface/irq-dynamic.js
423 silly gunzTarPerm modified mode [ 'test/c-interface/irq-dynamic.js', 436, 420 ]
424 silly gunzTarPerm extractEntry test/c-interface/irq-handle-2-inputs.js
425 silly gunzTarPerm modified mode [ 'test/c-interface/irq-handle-2-inputs.js', 436, 420 ]
426 silly gunzTarPerm extractEntry test/c-interface/irq-performance.js
427 silly gunzTarPerm modified mode [ 'test/c-interface/irq-performance.js', 436, 420 ]
428 silly gunzTarPerm extractEntry test/c-interface/irq-watch-unwatch.js
429 silly gunzTarPerm modified mode [ 'test/c-interface/irq-watch-unwatch.js', 436, 420 ]
430 silly gunzTarPerm extractEntry test/c-interface/light-switch.js
431 silly gunzTarPerm modified mode [ 'test/c-interface/light-switch.js', 436, 420 ]
432 silly gunzTarPerm extractEntry test/c-interface/pwm-pulse-10-leds.js
433 silly gunzTarPerm modified mode [ 'test/c-interface/pwm-pulse-10-leds.js', 436, 420 ]
434 silly gunzTarPerm extractEntry test/c-interface/run-tests
435 silly gunzTarPerm modified mode [ 'test/c-interface/run-tests', 509, 493 ]
436 silly gunzTarPerm extractEntry binding.gyp
437 silly gunzTarPerm modified mode [ 'binding.gyp', 436, 420 ]
438 silly gunzTarPerm extractEntry src/pigpio.cc
439 silly gunzTarPerm modified mode [ 'src/pigpio.cc', 436, 420 ]
440 silly gunzTarPerm extractEntry doc/configuration.md
441 silly gunzTarPerm modified mode [ 'doc/configuration.md', 436, 420 ]
442 silly gunzTarPerm extractEntry doc/gpio.md
443 silly gunzTarPerm modified mode [ 'doc/gpio.md', 436, 420 ]
444 silly gunzTarPerm extractEntry doc/gpiobank.md
445 silly gunzTarPerm modified mode [ 'doc/gpiobank.md', 436, 420 ]
446 silly gunzTarPerm extractEntry doc/notifier.md
447 silly gunzTarPerm modified mode [ 'doc/notifier.md', 436, 420 ]
448 silly gentlyRm /Users/alexram1313/Documents/node-rpi-doorsms/node_modules/.staging/nan-dcbcbbc1/node_modules is being purged
449 verbose gentlyRm don't care about contents; nuking /Users/alexram1313/Documents/node-rpi-doorsms/node_modules/.staging/nan-dcbcbbc1/node_modules
450 silly gentlyRm /Users/alexram1313/Documents/node-rpi-doorsms/node_modules/.staging/pigpio-adade7b7/node_modules is being purged
451 verbose gentlyRm don't care about contents; nuking /Users/alexram1313/Documents/node-rpi-doorsms/node_modules/.staging/pigpio-adade7b7/node_modules
452 silly doParallel preinstall 3
453 silly preinstall bindings@1.2.1 /Users/alexram1313/Documents/node-rpi-doorsms/node_modules/.staging/bindings-b389dd0f
454 info lifecycle bindings@1.2.1~preinstall: bindings@1.2.1
455 silly preinstall nan@2.6.2 /Users/alexram1313/Documents/node-rpi-doorsms/node_modules/.staging/nan-dcbcbbc1
456 info lifecycle nan@2.6.2~preinstall: nan@2.6.2
457 silly preinstall pigpio@0.6.0 /Users/alexram1313/Documents/node-rpi-doorsms/node_modules/.staging/pigpio-adade7b7
458 info lifecycle pigpio@0.6.0~preinstall: pigpio@0.6.0
459 silly lifecycle bindings@1.2.1~preinstall: no script for preinstall, continuing
460 silly lifecycle nan@2.6.2~preinstall: no script for preinstall, continuing
461 silly lifecycle pigpio@0.6.0~preinstall: no script for preinstall, continuing
462 silly doReverseSerial remove 0
463 silly doSerial move 0
464 silly doSerial finalize 3
465 silly finalize /Users/alexram1313/Documents/node-rpi-doorsms/node_modules/bindings
466 silly finalize /Users/alexram1313/Documents/node-rpi-doorsms/node_modules/nan
467 silly finalize /Users/alexram1313/Documents/node-rpi-doorsms/node_modules/pigpio
468 silly doSerial build 3
469 silly build bindings@1.2.1
470 info linkStuff bindings@1.2.1
471 silly linkStuff bindings@1.2.1 has /Users/alexram1313/Documents/node-rpi-doorsms/node_modules as its parent node_modules
472 verbose linkBins bindings@1.2.1
473 verbose linkMans bindings@1.2.1
474 silly build nan@2.6.2
475 info linkStuff nan@2.6.2
476 silly linkStuff nan@2.6.2 has /Users/alexram1313/Documents/node-rpi-doorsms/node_modules as its parent node_modules
477 verbose linkBins nan@2.6.2
478 verbose linkMans nan@2.6.2
479 silly build pigpio@0.6.0
480 info linkStuff pigpio@0.6.0
481 silly linkStuff pigpio@0.6.0 has /Users/alexram1313/Documents/node-rpi-doorsms/node_modules as its parent node_modules
482 verbose linkBins pigpio@0.6.0
483 verbose linkMans pigpio@0.6.0
484 silly doSerial global-link 0
485 silly doParallel update-linked 0
486 silly doSerial install 3
487 silly install bindings@1.2.1 /Users/alexram1313/Documents/node-rpi-doorsms/node_modules/.staging/bindings-b389dd0f
488 info lifecycle bindings@1.2.1~install: bindings@1.2.1
489 silly lifecycle bindings@1.2.1~install: no script for install, continuing
490 silly install nan@2.6.2 /Users/alexram1313/Documents/node-rpi-doorsms/node_modules/.staging/nan-dcbcbbc1
491 info lifecycle nan@2.6.2~install: nan@2.6.2
492 silly lifecycle nan@2.6.2~install: no script for install, continuing
493 silly install pigpio@0.6.0 /Users/alexram1313/Documents/node-rpi-doorsms/node_modules/.staging/pigpio-adade7b7
494 info lifecycle pigpio@0.6.0~install: pigpio@0.6.0
495 verbose lifecycle pigpio@0.6.0~install: unsafe-perm in lifecycle true
496 verbose lifecycle pigpio@0.6.0~install: PATH: /usr/local/lib/node_modules/npm/bin/node-gyp-bin:/Users/alexram1313/Documents/node-rpi-doorsms/node_modules/pigpio/node_modules/.bin:/Users/alexram1313/Documents/node-rpi-doorsms/node_modules/.bin:/usr/local/Cellar/node/6.4.0/bin:/Applications/CLion.app/Contents/bin/cmake/bin:/Library/Frameworks/Python.framework/Versions/3.4/bin:/Library/Frameworks/Python.framework/Versions/2.7/bin:/Library/Frameworks/Python.framework/Versions/3.5/bin:/usr/local/bin:/usr/bin:/bin:/usr/sbin:/sbin:/opt/X11/bin:/usr/local/share/dotnet:/Library/TeX/texbin:/Applications/CLion.app/Contents/bin/cmake/bin:/Library/Frameworks/Python.framework/Versions/3.4/bin:/Library/Frameworks/Python.framework/Versions/2.7/bin:/Library/Frameworks/Python.framework/Versions/3.5/bin:/Users/alexram1313/Library/Android/sdk/platform-tools:/Users/alexram1313/Library/Android/sdk/platform-tools
497 verbose lifecycle pigpio@0.6.0~install: CWD: /Users/alexram1313/Documents/node-rpi-doorsms/node_modules/pigpio
498 silly lifecycle pigpio@0.6.0~install: Args: [ '-c', 'node-gyp rebuild' ]
499 silly lifecycle pigpio@0.6.0~install: Returned: code: 1  signal: null
500 info lifecycle pigpio@0.6.0~install: Failed to exec install script
501 verbose unlock done using /Users/alexram1313/.npm/_locks/staging-d724d45d0b1d8c45.lock for /Users/alexram1313/Documents/node-rpi-doorsms/node_modules/.staging
502 silly rollbackFailedOptional Starting
503 silly rollbackFailedOptional Finishing
504 silly runTopLevelLifecycles Starting
505 silly runTopLevelLifecycles Finishing
506 silly install printInstalled
507 warn node-rpi-doorsms@1.0.0 No description
508 verbose stack Error: pigpio@0.6.0 install: `node-gyp rebuild`
508 verbose stack Exit status 1
508 verbose stack     at EventEmitter.<anonymous> (/usr/local/lib/node_modules/npm/lib/utils/lifecycle.js:242:16)
508 verbose stack     at emitTwo (events.js:106:13)
508 verbose stack     at EventEmitter.emit (events.js:191:7)
508 verbose stack     at ChildProcess.<anonymous> (/usr/local/lib/node_modules/npm/lib/utils/spawn.js:40:14)
508 verbose stack     at emitTwo (events.js:106:13)
508 verbose stack     at ChildProcess.emit (events.js:191:7)
508 verbose stack     at maybeClose (internal/child_process.js:852:16)
508 verbose stack     at Process.ChildProcess._handle.onexit (internal/child_process.js:215:5)
509 verbose pkgid pigpio@0.6.0
510 verbose cwd /Users/alexram1313/Documents/node-rpi-doorsms
511 error Darwin 16.6.0
512 error argv "/usr/local/Cellar/node/6.4.0/bin/node" "/usr/local/bin/npm" "install" "pigpio" "--save"
513 error node v6.4.0
514 error npm  v3.10.3
515 error code ELIFECYCLE
516 error pigpio@0.6.0 install: `node-gyp rebuild`
516 error Exit status 1
517 error Failed at the pigpio@0.6.0 install script 'node-gyp rebuild'.
517 error Make sure you have the latest version of node.js and npm installed.
517 error If you do, this is most likely a problem with the pigpio package,
517 error not with npm itself.
517 error Tell the author that this fails on your system:
517 error     node-gyp rebuild
517 error You can get information on how to open an issue for this project with:
517 error     npm bugs pigpio
517 error Or if that isn't available, you can get their info via:
517 error     npm owner ls pigpio
517 error There is likely additional logging output above.
518 verbose exit [ 1, true ]
